"../../../Engine/Content/Functions/Engine_MaterialFunctions01/Opacity/CameraDepthFade.uasset" 0
"../../../Engine/Content/EngineMaterials/T_Default_Material_Grid_M.uasset" 1
"../../../Engine/Content/EngineMaterials/T_Default_Material_Grid_N.uasset" 2
"../../../Engine/Content/EngineMaterials/WorldGridMaterial.uasset" 3
"../../../Engine/Content/ArtTools/RenderToTexture/Meshes/S_1_Unit_Plane.uasset" 4
"../../../Engine/Content/EngineMaterials/DefaultPhysicalMaterial.uasset" 5
"../../../Engine/Content/BufferVisualization/AmbientOcclusion.uasset" 6
"../../../Engine/Content/BufferVisualization/BaseColor.uasset" 7
"../../../Engine/Content/BufferVisualization/CustomDepth.uasset" 8
"../../../Engine/Content/Functions/Engine_MaterialFunctions02/Utility/VectorLength.uasset" 9
"../../../Engine/Content/BufferVisualization/CustomDepthWorldUnits.uasset" 10
"../../../Engine/Content/Functions/Engine_MaterialFunctions02/Utility/BreakOutFloat2Components.uasset" 11
"../../../Engine/Content/Functions/Engine_MaterialFunctions01/Texturing/ScaleUVsByCenter.uasset" 12
"../../../Engine/Content/Functions/Engine_MaterialFunctions02/ScreenResolution.uasset" 13
"../../../Engine/Content/Functions/Engine_MaterialFunctions02/Texturing/ScreenAlignedUVs.uasset" 14
"../../../Engine/Content/Functions/Engine_MaterialFunctions02/Utility/MakeFloat2.uasset" 15
"../../../Engine/Content/Functions/Engine_MaterialFunctions02/Utility/MakeFloat3.uasset" 16
"../../../Engine/Content/EngineMaterials/MiniFont.uasset" 17
"../../../Engine/Content/BufferVisualization/CustomStencil.uasset" 18
"../../../Engine/Content/BufferVisualization/FinalImage.uasset" 19
"../../../Engine/Content/BufferVisualization/LightingModel.uasset" 20
"../../../Engine/Content/BufferVisualization/MaterialAO.uasset" 21
"../../../Engine/Content/BufferVisualization/Metallic.uasset" 22
"../../../Engine/Content/BufferVisualization/Opacity.uasset" 23
"../../../Engine/Content/BufferVisualization/PostTonemapHDRColor.uasset" 24
"../../../Engine/Content/BufferVisualization/PreTonemapHDRColor.uasset" 25
"../../../Engine/Content/BufferVisualization/Roughness.uasset" 26
"../../../Engine/Content/BufferVisualization/SceneColor.uasset" 27
"../../../Engine/Content/BufferVisualization/SceneDepth.uasset" 28
"../../../Engine/Content/BufferVisualization/SceneDepthWorldUnits.uasset" 29
"../../../Engine/Content/BufferVisualization/SeparateTranslucencyA.uasset" 30
"../../../Engine/Content/BufferVisualization/SeparateTranslucencyRGB.uasset" 31
"../../../Engine/Content/BufferVisualization/Specular.uasset" 32
"../../../Engine/Content/BufferVisualization/SubsurfaceColor.uasset" 33
"../../../Engine/Content/BufferVisualization/WorldNormal.uasset" 34
"../../../Engine/Content/EditorLandscapeResources/DataLayer.uasset" 35
"../../../Engine/Content/EditorLandscapeResources/DefaultAlphaTexture.uasset" 36
"../../../Engine/Content/EditorLandscapeResources/LandscapeGizmoHeight_Mat.uasset" 37
"../../../Engine/Content/EditorLandscapeResources/LandscapeGizmo_Mat.uasset" 38
"../../../Engine/Content/EditorLandscapeResources/LandscapeGizmo_Mat_Copied.uasset" 39
"../../../Engine/Content/EditorLandscapeResources/SplineEditorMeshMat.uasset" 40
"../../../Engine/Content/EditorLandscapeResources/SplineEditorMesh.uasset" 41
"../../../Engine/Content/EditorMaterials/Cross.uasset" 42
"../../../Engine/Content/EditorMaterials/Cross_Mat.uasset" 43
"../../../Engine/Content/EditorMaterials/GizmoMaterial.uasset" 44
"../../../Engine/Content/Functions/Engine_MaterialFunctions02/Utility/Sign.uasset" 45
"../../../Engine/Content/Functions/Engine_MaterialFunctions02/Utility/Round.uasset" 46
"../../../Engine/Content/Functions/Engine_MaterialFunctions02/ExampleContent/Textures/flipbook.uasset" 47
"../../../Engine/Content/Functions/Engine_MaterialFunctions02/Texturing/FlipBook.uasset" 48
"../../../Engine/Content/EditorResources/T_EditorHelp.uasset" 49
"../../../Engine/Content/EditorMaterials/HelpActorMaterial.uasset" 50
"../../../Engine/Content/EditorMaterials/CompositeARGBLayer.uasset" 51
"../../../Engine/Content/EditorMaterials/TilingAALineIntegral.uasset" 52
"../../../Engine/Content/EditorMaterials/TilingAALineBoxFiltered.uasset" 53
"../../../Engine/Content/Functions/Engine_MaterialFunctions03/Procedurals/ComputeFilterWidth.uasset" 54
"../../../Engine/Content/EditorMaterials/TilingAADots.uasset" 55
"../../../Engine/Content/EngineMaterials/BlendFunc_DefBase.uasset" 56
"../../../Engine/Content/EngineMaterials/BlendFunc_DefBlend.uasset" 57
"../../../Engine/Content/Functions/Engine_MaterialFunctions03/Blends/Blend_Screen.uasset" 58
"../../../Engine/Content/EditorMaterials/TilingAAGrid.uasset" 59
"../../../Engine/Content/EditorMaterials/LevelGridMaterial.uasset" 60
"../../../Engine/Content/EditorMaterials/MakeCompositeARGBLayer.uasset" 61
"../../../Engine/Content/EditorResources/LevelGrid1DStripes.uasset" 62
"../../../Engine/Content/EditorMaterials/TextureGridCascaded1D.uasset" 63
"../../../Engine/Content/EditorMaterials/TextureGridCascaded2D.uasset" 64
"../../../Engine/Content/EditorMaterials/LevelGridMaterial2.uasset" 65
"../../../Engine/Content/EditorMaterials/MAT_Groups_Toggle.uasset" 66
"../../../Engine/Content/EditorMaterials/MAT_Groups_Visibility.uasset" 67
"../../../Engine/Content/EditorMaterials/PhAT_BoneSelectedMaterial.uasset" 68
"../../../Engine/Content/EditorMaterials/PhAT_ElemSelectedMaterial.uasset" 69
"../../../Engine/Content/EditorMaterials/PhAT_NoCollisionMaterial.uasset" 70
"../../../Engine/Content/EditorMaterials/PhAT_UnselectedMaterial.uasset" 71
"../../../Engine/Content/EditorMaterials/PreviewShadowIndicator.uasset" 72
"../../../Engine/Content/EditorMaterials/PreviewShadowIndicatorMaterial.uasset" 73
"../../../Engine/Content/EditorMaterials/TargetIcon.uasset" 74
"../../../Engine/Content/EditorMaterials/Tick.uasset" 75
"../../../Engine/Content/EditorMaterials/Tick_Mat.uasset" 76
"../../../Engine/Content/EditorMaterials/WidgetGridVertexColorMaterial.uasset" 77
"../../../Engine/Content/EditorMaterials/WidgetGridVertexColorMaterial_Ma.uasset" 78
"../../../Engine/Content/EditorMaterials/WidgetMaterial.uasset" 79
"../../../Engine/Content/EditorMaterials/WidgetMaterial_Current.uasset" 80
"../../../Engine/Content/EditorMaterials/WidgetMaterial_X.uasset" 81
"../../../Engine/Content/EditorMaterials/WidgetMaterial_Y.uasset" 82
"../../../Engine/Content/EditorMaterials/WidgetMaterial_Z.uasset" 83
"../../../Engine/Content/EditorMaterials/WidgetVertexColorMaterial.uasset" 84
"../../../Engine/Content/MapTemplates/Sky/SunsetAmbientCubemap.uasset" 85
"../../../Engine/Content/EditorMaterials/AssetViewer/M_SkyBox.uasset" 86
"../../../Engine/Content/EditorMaterials/MatineeGroups/MAT_ColorTrack.uasset" 87
"../../../Engine/Content/EditorMaterials/MatineeGroups/MAT_Groups_Anim.uasset" 88
"../../../Engine/Content/EditorMaterials/MatineeGroups/MAT_Groups_AudioMaster.uasset" 89
"../../../Engine/Content/EditorMaterials/MatineeGroups/MAT_Groups_Director.uasset" 90
"../../../Engine/Content/EditorMaterials/MatineeGroups/MAT_Groups_Event.uasset" 91
"../../../Engine/Content/EditorMaterials/MatineeGroups/MAT_Groups_Fade.uasset" 92
"../../../Engine/Content/EditorMaterials/MatineeGroups/MAT_Groups_Float.uasset" 93
"../../../Engine/Content/EditorMaterials/MatineeGroups/MAT_Groups_Move.uasset" 94
"../../../Engine/Content/EditorMaterials/MatineeGroups/MAT_Groups_Slomo.uasset" 95
"../../../Engine/Content/EditorMaterials/MatineeGroups/MAT_Groups_Sound.uasset" 96
"../../../Engine/Content/EditorMaterials/MatineeGroups/MAT_Groups_Vector.uasset" 97
"../../../Engine/Content/EditorMaterials/ParticleSystems/PSysThumbnail_NoImage.uasset" 98
"../../../Engine/Content/EditorMaterials/ParticleSystems/PSysThumbnail_OOD.uasset" 99
"../../../Engine/Content/EngineMaterials/Grid.uasset" 100
"../../../Engine/Content/EditorMaterials/Thumbnails/FloorPlaneMaterial.uasset" 101
"../../../Engine/Content/EditorMeshes/EditorCube.uasset" 102
"../../../Engine/Content/EditorMeshes/EditorCylinder.uasset" 103
"../../../Engine/Content/EditorMeshes/EditorPlane.uasset" 104
"../../../Engine/Content/EditorMaterials/Thumbnails/SkySphereMaterial.uasset" 105
"../../../Engine/Content/EditorMeshes/EditorSkySphere.uasset" 106
"../../../Engine/Content/EditorMeshes/EditorSphere.uasset" 107
"../../../Engine/Content/EditorResources/MatineeCam_D.uasset" 108
"../../../Engine/Content/EditorMaterials/MatineeCam_mat.uasset" 109
"../../../Engine/Content/EditorMeshes/MatineeCam_SM.uasset" 110
"../../../Engine/Content/Functions/Engine_MaterialFunctions01/Shading/ConvertFromDiffSpec.uasset" 111
"../../../Engine/Content/EditorMaterials/GridMaterial.uasset" 112
"../../../Engine/Content/EditorMeshes/AssetViewer/Floor_Mesh.uasset" 113
"../../../Engine/Content/EditorMeshes/AssetViewer/Sphere_inversenormals.uasset" 114
"../../../Engine/Content/EditorMaterials/Camera/CineMat.uasset" 115
"../../../Engine/Content/EditorMaterials/Camera/MI_CineMat_CameraBody.uasset" 116
"../../../Engine/Content/EngineDebugMaterials/M_SimpleOpaque.uasset" 117
"../../../Engine/Content/EditorMaterials/Camera/MI_CineMat_CamViewFinder.uasset" 118
"../../../Engine/Content/EditorMeshes/Camera/SM_CineCam.uasset" 119
"../../../Engine/Content/EditorMaterials/Camera/MI_CineMat_Rig.uasset" 120
"../../../Engine/Content/EditorMeshes/Camera/SM_CraneRig_Arm.uasset" 121
"../../../Engine/Content/EditorMeshes/Camera/SM_CraneRig_Base.uasset" 122
"../../../Engine/Content/EditorMeshes/Camera/SM_CraneRig_Body.uasset" 123
"../../../Engine/Content/EditorMeshes/Camera/SM_CraneRig_Mount.uasset" 124
"../../../Engine/Content/EditorMeshes/Camera/SM_RailRig_Mount.uasset" 125
"../../../Engine/Content/EditorMeshes/Camera/SM_RailRig_Track.uasset" 126
"../../../Engine/Content/EditorResources/Bad.uasset" 127
"../../../Engine/Content/EditorResources/BSPVertex.uasset" 128
"../../../Engine/Content/EditorResources/EmptyActor.uasset" 129
"../../../Engine/Content/EditorResources/MatInstActSprite.uasset" 130
"../../../Engine/Content/EditorResources/SceneManager.uasset" 131
"../../../Engine/Content/EditorResources/SimplygonLogo.uasset" 132
"../../../Engine/Content/EditorResources/SmallFont.uasset" 133
"../../../Engine/Content/EditorResources/S_Actor.uasset" 134
"../../../Engine/Content/EditorResources/S_DecalActorIcon.uasset" 135
"../../../Engine/Content/EditorResources/S_Emitter.uasset" 136
"../../../Engine/Content/EditorResources/S_ExpoHeightFog.uasset" 137
"../../../Engine/Content/EditorResources/S_FTest.uasset" 138
"../../../Engine/Content/EditorResources/S_KBSJoint.uasset" 139
"../../../Engine/Content/EditorResources/S_KHinge.uasset" 140
"../../../Engine/Content/EditorResources/S_KPrismatic.uasset" 141
"../../../Engine/Content/EditorResources/S_LevelSequence.uasset" 142
"../../../Engine/Content/EditorResources/S_NavP.uasset" 143
"../../../Engine/Content/EditorResources/S_Note.uasset" 144
"../../../Engine/Content/EditorResources/S_Player.uasset" 145
"../../../Engine/Content/EditorResources/S_PortalActorIcon2.uasset" 146
"../../../Engine/Content/EditorResources/S_RadForce.uasset" 147
"../../../Engine/Content/EditorResources/S_ReflActorIcon.uasset" 148
"../../../Engine/Content/EditorResources/S_Terrain.uasset" 149
"../../../Engine/Content/EditorResources/S_TextRenderActorIcon.uasset" 150
"../../../Engine/Content/EditorResources/S_Thruster.uasset" 151
"../../../Engine/Content/EditorResources/S_Trigger.uasset" 152
"../../../Engine/Content/EditorResources/S_VectorFieldVol.uasset" 153
"../../../Engine/Content/EditorResources/S_WindDirectional.uasset" 154
"../../../Engine/Content/EditorResources/AI/S_NavLink.uasset" 155
"../../../Engine/Content/EditorResources/LightIcons/SkyLight.uasset" 156
"../../../Engine/Content/EditorResources/LightIcons/S_LightDirectional.uasset" 157
"../../../Engine/Content/EditorResources/LightIcons/S_LightDirectionalMove.uasset" 158
"../../../Engine/Content/EditorResources/LightIcons/S_LightError.uasset" 159
"../../../Engine/Content/EditorResources/LightIcons/S_LightPoint.uasset" 160
"../../../Engine/Content/EditorResources/LightIcons/S_LightPointMove.uasset" 161
"../../../Engine/Content/EditorResources/LightIcons/S_LightSpot.uasset" 162
"../../../Engine/Content/EditorResources/LightIcons/S_LightSpotMove.uasset" 163
"../../../Engine/Content/EditorResources/SequenceRecorder/Countdown.uasset" 164
"../../../Engine/Content/EditorResources/SequenceRecorder/RecordingIndicator.uasset" 165
"../../../Engine/Content/EditorResources/Spline/T_Loft_Spline.uasset" 166
"../../../Engine/Content/EditorSounds/Notifications/CompileFailed.uasset" 167
"../../../Engine/Content/EditorSounds/Notifications/CompileFailed_Cue.uasset" 168
"../../../Engine/Content/EditorSounds/Notifications/CompileSuccess.uasset" 169
"../../../Engine/Content/EditorSounds/Notifications/CompileStart_Cue.uasset" 170
"../../../Engine/Content/EditorSounds/Notifications/CompileSuccess_Cue.uasset" 171
"../../../Engine/Content/EngineDamageTypes/DmgTypeBP_Environmental.uasset" 172
"../../../Engine/Content/EngineDebugMaterials/HeatmapGradient.uasset" 173
"../../../Engine/Content/EngineDebugMaterials/BoneWeightMaterial.uasset" 174
"../../../Engine/Content/EngineDebugMaterials/ClothMaterial.uasset" 175
"../../../Engine/Content/EngineDebugMaterials/ClothMaterial_WF.uasset" 176
"../../../Engine/Content/EngineDebugMaterials/DebugEditorMaterial.uasset" 177
"../../../Engine/Content/EngineDebugMaterials/DebugMeshMaterial.uasset" 178
"../../../Engine/Content/EngineDebugMaterials/GeomMaterial.uasset" 179
"../../../Engine/Content/EngineDebugMaterials/LevelColorationLitMaterial.uasset" 180
"../../../Engine/Content/EngineDebugMaterials/LevelColorationUnlitMaterial.uasset" 181
"../../../Engine/Content/EngineMaterials/DefaultWhiteGrid.uasset" 182
"../../../Engine/Content/EngineDebugMaterials/MAT_LevelColorationLitLightmapUV.uasset" 183
"../../../Engine/Content/EngineDebugMaterials/M_SimpleTranslucent.uasset" 184
"../../../Engine/Content/EngineDebugMaterials/ShadedLevelColorationLitMaterial.uasset" 185
"../../../Engine/Content/EngineDebugMaterials/ShadedLevelColorationUnlitMateri.uasset" 186
"../../../Engine/Content/EngineDebugMaterials/VertexColorMaterial.uasset" 187
"../../../Engine/Content/EngineDebugMaterials/VertexColorViewMode_AlphaAsColor.uasset" 188
"../../../Engine/Content/EngineDebugMaterials/VertexColorViewMode_BlueOnly.uasset" 189
"../../../Engine/Content/EngineDebugMaterials/VertexColorViewMode_ColorOnly.uasset" 190
"../../../Engine/Content/EngineDebugMaterials/VertexColorViewMode_GreenOnly.uasset" 191
"../../../Engine/Content/EngineDebugMaterials/VertexColorViewMode_RedOnly.uasset" 192
"../../../Engine/Content/EngineDebugMaterials/WireframeMaterial.uasset" 193
"../../../Engine/Content/EngineFonts/Faces/RobotoBold.uasset" 194
"../../../Engine/Content/EngineFonts/Faces/RobotoBoldItalic.uasset" 195
"../../../Engine/Content/EngineFonts/Faces/RobotoItalic.uasset" 196
"../../../Engine/Content/EngineFonts/Faces/RobotoLight.uasset" 197
"../../../Engine/Content/EngineFonts/Faces/RobotoRegular.uasset" 198
"../../../Engine/Content/EngineFonts/Roboto.uasset" 199
"../../../Engine/Content/EngineFonts/Faces/RobotoTiny.uasset" 200
"../../../Engine/Content/EngineFonts/RobotoTiny.uasset" 201
"../../../Engine/Content/EngineFonts/SmallFont.uasset" 202
"../../../Engine/Content/EngineFonts/TinyFont.uasset" 203
"../../../Engine/Content/EngineMaterials/BaseFlattenDiffuseMap.uasset" 204
"../../../Engine/Content/EngineMaterials/BaseFlattenEmissiveMap.uasset" 205
"../../../Engine/Content/EngineMaterials/BaseFlattenGrayscaleMap.uasset" 206
"../../../Engine/Content/EngineMaterials/BaseFlattenNormalMap.uasset" 207
"../../../Engine/Content/EngineMaterials/BaseFlattenMaterial.uasset" 208
"../../../Engine/Content/EngineResources/WhiteSquareTexture.uasset" 209
"../../../Engine/Content/EngineMaterials/BlinkingCaret.uasset" 210
"../../../Engine/Content/EngineMaterials/DefaultBloomKernel.uasset" 211
"../../../Engine/Content/EngineMaterials/DefaultBokeh.uasset" 212
"../../../Engine/Content/EngineMaterials/DefaultDiffuse.uasset" 213
"../../../Engine/Content/EngineMaterials/DefaultDeferredDecalMaterial.uasset" 214
"../../../Engine/Content/EngineMaterials/DefaultLightFunctionMaterial.uasset" 215
"../../../Engine/Content/EngineMaterials/DefaultNormal.uasset" 216
"../../../Engine/Content/EngineMaterials/DefaultPostProcessMaterial.uasset" 217
"../../../Engine/Content/EngineFonts/RobotoDistanceField.uasset" 218
"../../../Engine/Content/EngineMaterials/DefaultTextMaterialOpaque.uasset" 219
"../../../Engine/Content/EngineMaterials/EditorBrushMaterial.uasset" 220
"../../../Engine/Content/EngineMaterials/Good64x64TilingNoiseHighFreq.uasset" 221
"../../../Engine/Content/EngineMaterials/Grid_N.uasset" 222
"../../../Engine/Content/EngineMaterials/HighResolutionScreenshotMaskFunction.uasset" 223
"../../../Engine/Content/EngineMaterials/HighResScreenshot.uasset" 224
"../../../Engine/Content/EngineMaterials/HighResScreenshotCaptureRegion.uasset" 225
"../../../Engine/Content/EngineMaterials/HighResScreenshotMask.uasset" 226
"../../../Engine/Content/EngineMaterials/LandscapeHolePhysicalMaterial.uasset" 227
"../../../Engine/Content/EngineMaterials/InvalidLightmapSettings.uasset" 228
"../../../Engine/Content/EngineMaterials/M_InvalidLightmapSettings.uasset" 229
"../../../Engine/Content/EngineMaterials/PaperDiffuse.uasset" 230
"../../../Engine/Content/EngineMaterials/PaperNormal.uasset" 231
"../../../Engine/Content/Functions/Engine_MaterialFunctions02/WorldPositionOffset/CameraOffset.uasset" 232
"../../../Engine/Content/EngineMaterials/PhAT_JointLimitMaterial.uasset" 233
"../../../Engine/Content/EngineMaterials/PhysMat_Rubber.uasset" 234
"../../../Engine/Content/EngineMaterials/PreintegratedSkinBRDF.uasset" 235
"../../../Engine/Content/EngineMaterials/RemoveSurfaceMaterial.uasset" 236
"../../../Engine/Content/EngineMaterials/WeightMapPlaceholderTexture.uasset" 237
"../../../Engine/Content/EngineMaterials/Widget3DPassThrough.uasset" 238
"../../../Engine/Content/EngineMaterials/Widget3DPassThrough_Masked.uasset" 239
"../../../Engine/Content/EngineMaterials/Widget3DPassThrough_Opaque.uasset" 240
"../../../Engine/Content/EngineMaterials/Widget3DPassThrough_Masked_OneSided.uasset" 241
"../../../Engine/Content/EngineMaterials/Widget3DPassThrough_Opaque_OneSided.uasset" 242
"../../../Engine/Content/EngineMaterials/Widget3DPassThrough_Translucent.uasset" 243
"../../../Engine/Content/EngineMaterials/Widget3DPassThrough_Translucent_OneSided.uasset" 244
"../../../Engine/Content/EngineMaterials/DefaultMaterial.uasset" 245
"../../../Engine/Content/EngineMeshes/Cube.uasset" 246
"../../../Engine/Content/EngineMeshes/Cylinder.uasset" 247
"../../../Engine/Content/EngineMeshes/Sphere.uasset" 248
"../../../Engine/Content/EngineResources/DefaultTexture.uasset" 249
"../../../Engine/Content/EngineResources/DefaultTextureCube.uasset" 250
"../../../Engine/Content/EngineResources/DefaultVolumeTexture2D.uasset" 251
"../../../Engine/Content/EngineResources/DefaultVolumeTexture.uasset" 252
"../../../Engine/Content/EngineResources/GradientTexture0.uasset" 253
"../../../Engine/Content/EngineResources/StreamingPauseIcon.uasset" 254
"../../../Engine/Content/EngineResources/M_StreamingPause.uasset" 255
"../../../Engine/Content/EngineSounds/Master.uasset" 256
"../../../Engine/Content/Functions/Engine_MaterialFunctions01/Shading/PowerToRoughness.uasset" 257
"../../../Engine/Content/Maps/Templates/Thumbnails/Default.uasset" 258
"../../../Engine/Content/Maps/Templates/Thumbnails/VR-Basic.uasset" 259
"../../../Engine/Content/MapTemplates/Sky/DaylightAmbientCubemap.uasset" 260
"../../../Engine/Content/MobileResources/T_MobileControls_texture.uasset" 261
"../../../Engine/Content/MobileResources/T_MobileMenu2.uasset" 262
"../../../Engine/Content/MobileResources/HUD/AnalogHat.uasset" 263
"../../../Engine/Content/MobileResources/HUD/VirtualJoystick_Background.uasset" 264
"../../../Engine/Content/MobileResources/HUD/VirtualJoystick_Thumb.uasset" 265
"../../../Engine/Content/MobileResources/HUD/DefaultVirtualJoysticks.uasset" 266
"../../../Engine/Content/MobileResources/HUD/LeftVirtualJoystickOnly.uasset" 267
"../../../Engine/Content/MobileResources/HUD/MobileHUDButton1_off.uasset" 268
"../../../Engine/Content/MobileResources/HUD/MobileHUDButton1_on.uasset" 269
"../../../Engine/Content/MobileResources/HUD/MobileHUDButton2_off.uasset" 270
"../../../Engine/Content/MobileResources/HUD/MobileHUDButton2_on.uasset" 271
"../../../Engine/Content/MobileResources/HUD/MobileHUDButton3.uasset" 272
"../../../Engine/Content/MobileResources/HUD/MobileHUDButtonFire.uasset" 273
"../../../Engine/Content/MobileResources/HUD/MobileHUDButtonFire_Mat.uasset" 274
"../../../Engine/Content/MobileResources/HUD/MobileHUDDirectionPad.uasset" 275
"../../../Engine/Content/MobileResources/HUD/MobileHUDDirectionPad2.uasset" 276
"../../../Engine/Content/MobileResources/HUD/MobileHUDDirectionPad3.uasset" 277
"../../../Engine/Content/MobileResources/HUD/MobileHUDDirectionStick.uasset" 278
"../../../Engine/Content/MobileResources/HUD/RightVirtualJoystickOnly.uasset" 279
"../../../Engine/Content/MobileResources/HUD/T_Castle_ThumbstickInner.uasset" 280
"../../../Engine/Content/MobileResources/HUD/T_Castle_ThumbstickOutter.uasset" 281
"../../../Engine/Content/Tutorial/ContentIntroCurve.uasset" 282
"../../../Engine/Content/Tutorial/Basics/TutorialAssets/icon_tab_Levels_40x.uasset" 283
"../../../Engine/Content/Tutorial/BlueprintTutorials/TutorialAssets/Blueprint_64x.uasset" 284
"../../../Engine/Content/Tutorial/Mobile/TutorialAssets/android_Icon.uasset" 285
"../../../Engine/Content/VREditor/LaserPointer/VR_LaserPower_01.uasset" 286
"../../../Engine/Content/VREditor/TransformGizmo/TransformGizmoMaterial.uasset" 287
"../../../Engine/Content/VREditor/TransformGizmo/TranslucentTransformGizmoMaterial.uasset" 288
"../../../Engine/Content/VREditor/TransformGizmo/BoundingBoxCorner.uasset" 289
"../../../Engine/Content/VREditor/TransformGizmo/BoundingBoxEdge.uasset" 290
"../../../Engine/Content/VREditor/TransformGizmo/PlaneTranslationHandle.uasset" 291
"../../../Engine/Content/VREditor/TransformGizmo/Main.uasset" 292
"../../../Engine/Content/VREditor/TransformGizmo/Xray.uasset" 293
"../../../Engine/Content/VREditor/TransformGizmo/SM_Sequencer_Key.uasset" 294
"../../../Engine/Content/VREditor/TransformGizmo/SM_Sequencer_Node.uasset" 295
"../../../../../../Users/NttdataSky/Documents/Unreal Projects/PlaneTest2/Content/Flying/Meshes/BaseMaterial.uasset" 296
"../../../../../../Users/NttdataSky/Documents/Unreal Projects/PlaneTest2/Content/Flying/Meshes/GrayMaterial.uasset" 297
"../../../Engine/Content/EditorBlueprintResources/StandardMacros.uasset" 298
"../../../../../../Users/NttdataSky/Documents/Unreal Projects/PlaneTest2/Content/FlyingBP/Blueprints/Actors/Toppings/E_TypeOfTopping.uasset" 299
"../../../../../../Users/NttdataSky/Documents/Unreal Projects/PlaneTest2/Content/FlyingBP/Blueprints/Actors/Toppings/T_Struct.uasset" 300
"../../../Engine/Content/EngineMaterials/FlatNormal.uasset" 301
"../../../../../../Users/NttdataSky/Documents/Unreal Projects/PlaneTest2/Content/InfinityBladeEffects/Effects/FX_Textures/Tile/T_Black_32.uasset" 302
"../../../../../../Users/NttdataSky/Documents/Unreal Projects/PlaneTest2/Content/InfinityBladeEffects/Effects/Masters/M_Trans_Sprite_Master_Surface.uasset" 303
"../../../../../../Users/NttdataSky/Documents/Unreal Projects/PlaneTest2/Content/InfinityBladeEffects/Effects/FX_Textures/Damage/T_cracks_01_N.uasset" 304
"../../../../../../Users/NttdataSky/Documents/Unreal Projects/PlaneTest2/Content/InfinityBladeEffects/Effects/FX_Textures/Damage/T_Cracks_Lightning_01_E.uasset" 305
"../../../../../../Users/NttdataSky/Documents/Unreal Projects/PlaneTest2/Content/InfinityBladeEffects/Effects/FX_Materials/Damage/M_CrackedGround_Lightning_01_INST.uasset" 306
"../../../Engine/Content/EngineResources/Black.uasset" 307
"../../../../../../Users/NttdataSky/Documents/Unreal Projects/PlaneTest2/Content/InfinityBladeEffects/Effects/Masters/M_Add_Sprite_Master_DepthFade.uasset" 308
"../../../../../../Users/NttdataSky/Documents/Unreal Projects/PlaneTest2/Content/InfinityBladeEffects/Effects/FX_Textures/Gradient/T_starFlare_01.uasset" 309
"../../../../../../Users/NttdataSky/Documents/Unreal Projects/PlaneTest2/Content/InfinityBladeEffects/Effects/FX_Materials/Gradient/M_Flare_01_INST.uasset" 310
"../../../../../../Users/NttdataSky/Documents/Unreal Projects/PlaneTest2/Content/InfinityBladeEffects/Effects/FX_Textures/Gradient/T_GlowFlare_Circular_02.uasset" 311
"../../../../../../Users/NttdataSky/Documents/Unreal Projects/PlaneTest2/Content/InfinityBladeEffects/Effects/FX_Materials/Gradient/M_Flare_06_INST.uasset" 312
"../../../../../../Users/NttdataSky/Documents/Unreal Projects/PlaneTest2/Content/InfinityBladeEffects/Effects/Masters/M_Trans_Sprite_SubUV_Master.uasset" 313
"../../../../../../Users/NttdataSky/Documents/Unreal Projects/PlaneTest2/Content/InfinityBladeEffects/Effects/FX_Textures/Lightning/T_Lightning_Arc_4x1.uasset" 314
"../../../../../../Users/NttdataSky/Documents/Unreal Projects/PlaneTest2/Content/InfinityBladeEffects/Effects/FX_Materials/Lightning/M_Lightning_Arc_01_Trans_4X1_INST.uasset" 315
"../../../../../../Users/NttdataSky/Documents/Unreal Projects/PlaneTest2/Content/InfinityBladeEffects/Effects/Masters/M_Add_Sprite_SubUV_Master.uasset" 316
"../../../../../../Users/NttdataSky/Documents/Unreal Projects/PlaneTest2/Content/InfinityBladeEffects/Effects/FX_Textures/Lightning/T_Lightning_Bolt_01.uasset" 317
"../../../../../../Users/NttdataSky/Documents/Unreal Projects/PlaneTest2/Content/InfinityBladeEffects/Effects/FX_Materials/Lightning/M_Lightning_Bolt_01_Add_4X1_INST.uasset" 318
"../../../../../../Users/NttdataSky/Documents/Unreal Projects/PlaneTest2/Content/InfinityBladeEffects/Effects/FX_Textures/Smoke/T_SmokeBall_01_8_8.uasset" 319
"../../../../../../Users/NttdataSky/Documents/Unreal Projects/PlaneTest2/Content/InfinityBladeEffects/Effects/FX_Materials/Smoke/M_Smoke_01_8X8_INST.uasset" 320
"../../../../../../Users/NttdataSky/Documents/Unreal Projects/PlaneTest2/Content/InfinityBladeEffects/Effects/FX_Textures/Spark/T_Sparks_04_SubUV_1_4.uasset" 321
"../../../../../../Users/NttdataSky/Documents/Unreal Projects/PlaneTest2/Content/InfinityBladeEffects/Effects/FX_Materials/Spark/M_Spark_04_SubUV_1_4_INST.uasset" 322
"../../../../../../Users/NttdataSky/Documents/Unreal Projects/PlaneTest2/Content/InfinityBladeEffects/Effects/FX_Mobile/Lightning/P_LineToPoint_Blast_Lightning_00.uasset" 323
"../../../../../../Users/NttdataSky/Documents/Unreal Projects/PlaneTest2/Content/FlyingBP/Blueprints/Weapons/Blueprint/BaseProjectile.uasset" 324
"../../../../../../Users/NttdataSky/Documents/Unreal Projects/PlaneTest2/Content/FlyingBP/Blueprints/I_TakeDamage.uasset" 325
"../../../../../../Users/NttdataSky/Documents/Unreal Projects/PlaneTest2/Content/FlyingBP/Blueprints/UI/UI_Topping.uasset" 326
"../../../../../../Users/NttdataSky/Documents/Unreal Projects/PlaneTest2/Content/InfinityBladeEffects/Effects/FX_Textures/Fire/T_Fireball_02_SubUV_4_4.uasset" 327
"../../../../../../Users/NttdataSky/Documents/Unreal Projects/PlaneTest2/Content/InfinityBladeEffects/Effects/FX_Materials/Mobile/M_Fireball_01_8X8_IN_2.uasset" 328
"../../../../../../Users/NttdataSky/Documents/Unreal Projects/PlaneTest2/Content/InfinityBladeEffects/Effects/Masters/M_Add_Sprite_Master.uasset" 329
"../../../../../../Users/NttdataSky/Documents/Unreal Projects/PlaneTest2/Content/InfinityBladeEffects/Effects/FX_Textures/Spark/T_Spark_Core.uasset" 330
"../../../../../../Users/NttdataSky/Documents/Unreal Projects/PlaneTest2/Content/InfinityBladeEffects/Effects/FX_Materials/Spark/M_Spark_Core_01_INST.uasset" 331
"../../../../../../Users/NttdataSky/Documents/Unreal Projects/PlaneTest2/Content/FlyingBP/Blueprints/Actors/Toppings/Fire/LV0/P_Impact_Golem_Death_Fire.uasset" 332
"../../../../../../Users/NttdataSky/Documents/Unreal Projects/PlaneTest2/Content/InfinityBladeEffects/Effects/FX_Textures/Damage/T_cracksFirey_01.uasset" 333
"../../../../../../Users/NttdataSky/Documents/Unreal Projects/PlaneTest2/Content/InfinityBladeEffects/Effects/FX_Materials/Damage/M_CrackedGround_Fire_01_INST.uasset" 334
"../../../../../../Users/NttdataSky/Documents/Unreal Projects/PlaneTest2/Content/InfinityBladeEffects/Effects/FX_Textures/Fire/T_Fire_subUV_6X6.uasset" 335
"../../../../../../Users/NttdataSky/Documents/Unreal Projects/PlaneTest2/Content/InfinityBladeEffects/Effects/FX_Materials/Fire/M_Fire_01_Add_6X6_INST.uasset" 336
"../../../../../../Users/NttdataSky/Documents/Unreal Projects/PlaneTest2/Content/InfinityBladeEffects/Effects/Masters/M_Add_Trail_2Sided_Pan_Master.uasset" 337
"../../../../../../Users/NttdataSky/Documents/Unreal Projects/PlaneTest2/Content/InfinityBladeEffects/Effects/FX_Textures/Fire/T_FireBlastTile.uasset" 338
"../../../../../../Users/NttdataSky/Documents/Unreal Projects/PlaneTest2/Content/InfinityBladeEffects/Effects/FX_Materials/Fire/M_Fire_Sheet_01_INST.uasset" 339
"../../../../../../Users/NttdataSky/Documents/Unreal Projects/PlaneTest2/Content/InfinityBladeEffects/Effects/FX_Materials/Fire/M_Fireball_03_4_4_INST.uasset" 340
"../../../../../../Users/NttdataSky/Documents/Unreal Projects/PlaneTest2/Content/InfinityBladeEffects/Effects/FX_Textures/Gradient/T_starFlare_03.uasset" 341
"../../../../../../Users/NttdataSky/Documents/Unreal Projects/PlaneTest2/Content/InfinityBladeEffects/Effects/FX_Materials/Gradient/M_Flare_04_INST.uasset" 342
"../../../../../../Users/NttdataSky/Documents/Unreal Projects/PlaneTest2/Content/InfinityBladeEffects/Effects/FX_Textures/Spark/T_Sparks_03_SubUV_1_4.uasset" 343
"../../../../../../Users/NttdataSky/Documents/Unreal Projects/PlaneTest2/Content/InfinityBladeEffects/Effects/FX_Materials/Spark/M_Spark_03_1_4_INST.uasset" 344
"../../../../../../Users/NttdataSky/Documents/Unreal Projects/PlaneTest2/Content/InfinityBladeEffects/Effects/FX_Meshes/Skills/SM_FireBlastMesh.uasset" 345
"../../../../../../Users/NttdataSky/Documents/Unreal Projects/PlaneTest2/Content/FlyingBP/Blueprints/Actors/Toppings/Fire/LV1/P_Meteor_Impact_01.uasset" 346
"../../../../../../Users/NttdataSky/Documents/Unreal Projects/PlaneTest2/Content/InfinityBladeEffects/Effects/FX_Textures/Gradient/T_BlastWave.uasset" 347
"../../../../../../Users/NttdataSky/Documents/Unreal Projects/PlaneTest2/Content/InfinityBladeEffects/Effects/FX_Materials/Mobile/M_BlastWave_MeshEmit.uasset" 348
"../../../../../../Users/NttdataSky/Documents/Unreal Projects/PlaneTest2/Content/InfinityBladeEffects/Environments/Breakables/Textures/T_Env_Fire_deco_Pots_N.uasset" 349
"../../../../../../Users/NttdataSky/Documents/Unreal Projects/PlaneTest2/Content/InfinityBladeEffects/Environments/Breakables/Textures/T_Env_Fire_deco_pots_Red_D.uasset" 350
"../../../../../../Users/NttdataSky/Documents/Unreal Projects/PlaneTest2/Content/InfinityBladeEffects/Environments/Breakables/Materials/M_Breakables_Pots_Red.uasset" 351
"../../../../../../Users/NttdataSky/Documents/Unreal Projects/PlaneTest2/Content/InfinityBladeEffects/Effects/Masters/M_Trans_Sprite_Master.uasset" 352
"../../../../../../Users/NttdataSky/Documents/Unreal Projects/PlaneTest2/Content/InfinityBladeEffects/Environments/Env_Rocks/Textures/T_JaggedRock_D_02.uasset" 353
"../../../../../../Users/NttdataSky/Documents/Unreal Projects/PlaneTest2/Content/InfinityBladeEffects/Effects/FX_Materials/Env/M_Jagged_rock_01_INST.uasset" 354
"../../../../../../Users/NttdataSky/Documents/Unreal Projects/PlaneTest2/Content/InfinityBladeEffects/Effects/Masters/M_Opaque_MeshEmit_Lit_Emis_Master.uasset" 355
"../../../../../../Users/NttdataSky/Documents/Unreal Projects/PlaneTest2/Content/InfinityBladeEffects/Environments/Env_Rocks/Textures/T_JaggedRock_01_D.uasset" 356
"../../../../../../Users/NttdataSky/Documents/Unreal Projects/PlaneTest2/Content/InfinityBladeEffects/Effects/FX_Materials/Env/M_Jagged_Rock_01_Lit_INST.uasset" 357
"../../../../../../Users/NttdataSky/Documents/Unreal Projects/PlaneTest2/Content/InfinityBladeEffects/Effects/FX_Textures/Gradient/T_SoftFallOff.uasset" 358
"../../../../../../Users/NttdataSky/Documents/Unreal Projects/PlaneTest2/Content/InfinityBladeEffects/Effects/FX_Materials/Gradient/M_Flare_03_INST.uasset" 359
"../../../../../../Users/NttdataSky/Documents/Unreal Projects/PlaneTest2/Content/InfinityBladeEffects/Effects/FX_Textures/Gradient/T_GlowNoise_01.uasset" 360
"../../../../../../Users/NttdataSky/Documents/Unreal Projects/PlaneTest2/Content/InfinityBladeEffects/Effects/FX_Materials/M_Shockwave_03_Add_INST.uasset" 361
"../../../../../../Users/NttdataSky/Documents/Unreal Projects/PlaneTest2/Content/InfinityBladeEffects/Environments/Breakables/Textures/T_Env_Breakables_Box1_D.uasset" 362
"../../../../../../Users/NttdataSky/Documents/Unreal Projects/PlaneTest2/Content/InfinityBladeEffects/Effects/FX_Materials/Mobile/Beakable_Master_MeshEmit.uasset" 363
"../../../../../../Users/NttdataSky/Documents/Unreal Projects/PlaneTest2/Content/InfinityBladeEffects/Environments/Breakables/Textures/T_Env_Breakables_Breakables_D.uasset" 364
"../../../../../../Users/NttdataSky/Documents/Unreal Projects/PlaneTest2/Content/InfinityBladeEffects/Effects/FX_Materials/Mobile/Beakable_No_Rim_MeshEmit_INST.uasset" 365
"../../../../../../Users/NttdataSky/Documents/Unreal Projects/PlaneTest2/Content/InfinityBladeEffects/Effects/FX_Textures/Texture/T_FireBall_01B_8_8.uasset" 366
"../../../../../../Users/NttdataSky/Documents/Unreal Projects/PlaneTest2/Content/InfinityBladeEffects/Effects/FX_Mobile/Fire/M_Fireball_01_8X8_INST.uasset" 367
"../../../../../../Users/NttdataSky/Documents/Unreal Projects/PlaneTest2/Content/InfinityBladeEffects/Effects/FX_Meshes/Skills/rock/SM_RockComet.uasset" 368
"../../../../../../Users/NttdataSky/Documents/Unreal Projects/PlaneTest2/Content/InfinityBladeEffects/Effects/FX_Meshes/Skills/SM_BlastWave.uasset" 369
"../../../../../../Users/NttdataSky/Documents/Unreal Projects/PlaneTest2/Content/InfinityBladeEffects/Environments/Breakables/StaticMesh/pot1/SM_PotDebris_02.uasset" 370
"../../../../../../Users/NttdataSky/Documents/Unreal Projects/PlaneTest2/Content/FlyingBP/Blueprints/Actors/Toppings/Fire/LV__10/P_Fire_OnHit.uasset" 371
"../../../../../../Users/NttdataSky/Documents/Unreal Projects/PlaneTest2/Content/FlyingBP/Blueprints/Actors/Toppings/B_MapLevel.uasset" 372
"../../../Engine/Content/BasicShapes/Sphere.uasset" 373
"../../../../../../Users/NttdataSky/Documents/Unreal Projects/PlaneTest2/Content/InfinityBladeEffects/Effects/FX_Textures/Texture/T_SpottyTile.uasset" 374
"../../../../../../Users/NttdataSky/Documents/Unreal Projects/PlaneTest2/Content/InfinityBladeEffects/Effects/FX_Materials/Mobile/M_LevelRing_00.uasset" 375
"../../../../../../Users/NttdataSky/Documents/Unreal Projects/PlaneTest2/Content/InfinityBladeEffects/Effects/FX_Textures/Gradient/T_LightCone.uasset" 376
"../../../../../../Users/NttdataSky/Documents/Unreal Projects/PlaneTest2/Content/InfinityBladeEffects/Effects/FX_Materials/Gradient/M_Flare_Vertical_02_Inst.uasset" 377
"../../../../../../Users/NttdataSky/Documents/Unreal Projects/PlaneTest2/Content/InfinityBladeEffects/Effects/FX_Meshes/Skills/OLD/SM_SpiralMesh.uasset" 378
"../../../../../../Users/NttdataSky/Documents/Unreal Projects/PlaneTest2/Content/InfinityBladeEffects/Effects/FX_Meshes/Skills/SM_LvlRing_Lvl_00.uasset" 379
"../../../../../../Users/NttdataSky/Documents/Unreal Projects/PlaneTest2/Content/FlyingBP/Blueprints/Actors/Toppings/P_levelUp_OLD.uasset" 380
"../../../../../../Users/NttdataSky/Documents/Unreal Projects/PlaneTest2/Content/FlyingBP/Blueprints/Actors/Toppings/B_Toppings.uasset" 381
"../../../../../../Users/NttdataSky/Documents/Unreal Projects/PlaneTest2/Content/FlyingBP/Blueprints/Actors/Upgrades/TypeOfUpgrades.uasset" 382
"../../../../../../Users/NttdataSky/Documents/Unreal Projects/PlaneTest2/Content/FlyingBP/Blueprints/Actors/Upgrades/Upgrade_Base.uasset" 383
"../../../../../../Users/NttdataSky/Documents/Unreal Projects/PlaneTest2/Content/StarterContent/Materials/M_Basic_Wall.uasset" 384
"../../../../../../Users/NttdataSky/Documents/Unreal Projects/PlaneTest2/Content/FlyingBP/Blueprints/Asset/Wall_400x200.uasset" 385
"../../../../../../Users/NttdataSky/Documents/Unreal Projects/PlaneTest2/Content/FlyingBP/Blueprints/Asset/Wall/ProceduralGenerationWall.uasset" 386
"../../../../../../Users/NttdataSky/Documents/Unreal Projects/PlaneTest2/Content/InfinityBladeEffects/Environments/Breakables/Textures/T_Ice_Fort_Wall_1_D.uasset" 387
"../../../../../../Users/NttdataSky/Documents/Unreal Projects/PlaneTest2/Content/InfinityBladeEffects/Environments/Breakables/Textures/T_Ice_Fort_Wall_1_N.uasset" 388
"../../../../../../Users/NttdataSky/Documents/Unreal Projects/PlaneTest2/Content/FlyingBP/Blueprints/Asset/M_Breakables_Fort_Wall_Destroyed.uasset" 389
"../../../../../../Users/NttdataSky/Documents/Unreal Projects/PlaneTest2/Content/FlyingBP/Blueprints/Asset/Wall/baseWall.uasset" 390
"../../../../../../Users/NttdataSky/Documents/Unreal Projects/PlaneTest2/Content/FlyingBP/Blueprints/Game/PaperPlaneGameState.uasset" 391
"../../../../../../Users/NttdataSky/Documents/Unreal Projects/PlaneTest2/Content/FlyingBP/Blueprints/Weapons/Asset/Bomb/01_-_Default.uasset" 392
"../../../../../../Users/NttdataSky/Documents/Unreal Projects/PlaneTest2/Content/FlyingBP/Blueprints/Weapons/Asset/Bomb/Atomic_bomb.uasset" 393
"../../../../../../Users/NttdataSky/Documents/Unreal Projects/PlaneTest2/Content/InfinityBladeEffects/Effects/FX_Textures/Fire/T_CandleFlame.uasset" 394
"../../../../../../Users/NttdataSky/Documents/Unreal Projects/PlaneTest2/Content/InfinityBladeEffects/Effects/FX_Materials/Fire/M_CandleFlame_01_INST.uasset" 395
"../../../../../../Users/NttdataSky/Documents/Unreal Projects/PlaneTest2/Content/InfinityBladeEffects/Effects/FX_Ambient/Lighting/FX_CandleFlame.uasset" 396
"../../../../../../Users/NttdataSky/Documents/Unreal Projects/PlaneTest2/Content/StarterContent/Textures/T_Burst_M.uasset" 397
"../../../../../../Users/NttdataSky/Documents/Unreal Projects/PlaneTest2/Content/StarterContent/Particles/Materials/M_Burst.uasset" 398
"../../../../../../Users/NttdataSky/Documents/Unreal Projects/PlaneTest2/Content/StarterContent/Textures/T_Explosion_SubUV.uasset" 399
"../../../../../../Users/NttdataSky/Documents/Unreal Projects/PlaneTest2/Content/StarterContent/Particles/Materials/M_explosion_subUV.uasset" 400
"../../../../../../Users/NttdataSky/Documents/Unreal Projects/PlaneTest2/Content/StarterContent/Particles/Materials/m_flare_01.uasset" 401
"../../../Engine/Content/Functions/Engine_MaterialFunctions01/Gradient/RadialGradient.uasset" 402
"../../../../../../Users/NttdataSky/Documents/Unreal Projects/PlaneTest2/Content/StarterContent/Particles/Materials/M_radial_ramp.uasset" 403
"../../../../../../Users/NttdataSky/Documents/Unreal Projects/PlaneTest2/Content/StarterContent/Textures/T_Smoke_SubUV.uasset" 404
"../../../../../../Users/NttdataSky/Documents/Unreal Projects/PlaneTest2/Content/StarterContent/Textures/T_Smoke_Tiled_D.uasset" 405
"../../../../../../Users/NttdataSky/Documents/Unreal Projects/PlaneTest2/Content/StarterContent/Particles/Materials/M_smoke_subUV.uasset" 406
"../../../../../../Users/NttdataSky/Documents/Unreal Projects/PlaneTest2/Content/StarterContent/Particles/P_Explosion.uasset" 407
"../../../../../../Users/NttdataSky/Documents/Unreal Projects/PlaneTest2/Content/FlyingBP/Blueprints/Weapons/Blueprint/Missile.uasset" 408
"../../../../../../Users/NttdataSky/Documents/Unreal Projects/PlaneTest2/Content/FlyingBP/Blueprints/Weapons/Asset/Projectile/Metal_Chrome.uasset" 409
"../../../../../../Users/NttdataSky/Documents/Unreal Projects/PlaneTest2/Content/StarterContent/Textures/T_MacroVariation.uasset" 410
"../../../../../../Users/NttdataSky/Documents/Unreal Projects/PlaneTest2/Content/StarterContent/Materials/M_Metal_Chrome.uasset" 411
"../../../../../../Users/NttdataSky/Documents/Unreal Projects/PlaneTest2/Content/FlyingBP/Blueprints/Weapons/Asset/MissileTarget/Material_001.uasset" 412
"../../../../../../Users/NttdataSky/Documents/Unreal Projects/PlaneTest2/Content/FlyingBP/Blueprints/Weapons/Asset/MissileTarget/Material_002.uasset" 413
"../../../../../../Users/NttdataSky/Documents/Unreal Projects/PlaneTest2/Content/FlyingBP/Blueprints/Weapons/Asset/MissileTarget/Material_004.uasset" 414
"../../../../../../Users/NttdataSky/Documents/Unreal Projects/PlaneTest2/Content/FlyingBP/Blueprints/Weapons/Asset/MissileTarget/AVMT300.uasset" 415
"../../../../../../Users/NttdataSky/Documents/Unreal Projects/PlaneTest2/Content/FlyingBP/Blueprints/Weapons/Blueprint/MissileTarget.uasset" 416
"../../../../../../Users/NttdataSky/Documents/Unreal Projects/PlaneTest2/Content/FlyingBP/Blueprints/FireLit.uasset" 417
"../../../../../../Users/NttdataSky/Documents/Unreal Projects/PlaneTest2/Content/FlyingBP/Blueprints/Weapons/Asset/Projectile/Gold_1_faked_ref.uasset" 418
"../../../../../../Users/NttdataSky/Documents/Unreal Projects/PlaneTest2/Content/FlyingBP/Blueprints/Weapons/Asset/Projectile/projektil_FBX.uasset" 419
"../../../../../../Users/NttdataSky/Documents/Unreal Projects/PlaneTest2/Content/FlyingBP/Blueprints/Weapons/Blueprint/Proiettile.uasset" 420
"../../../../../../Users/NttdataSky/Documents/Unreal Projects/PlaneTest2/Content/FlyingBP/Blueprints/Weapons/Blueprint/Topping/B_Topping_Weapon.uasset" 421
"../../../../../../Users/NttdataSky/Documents/Unreal Projects/PlaneTest2/Content/FlyingBP/Blueprints/UI/Controller_2.uasset" 422
"../../../../../../Users/NttdataSky/Documents/Unreal Projects/PlaneTest2/Content/InfinityBladeEffects/Effects/FX_Textures/Gradient/T_Targeting_01.uasset" 423
"../../../../../../Users/NttdataSky/Documents/Unreal Projects/PlaneTest2/Content/InfinityBladeEffects/Effects/FX_Textures/Noise/T_Tile_Noise_Tendril_01.uasset" 424
"../../../../../../Users/NttdataSky/Documents/Unreal Projects/PlaneTest2/Content/InfinityBladeEffects/Effects/FX_Materials/Misc/M_Targeting_Enemy.uasset" 425
"../../../../../../Users/NttdataSky/Documents/Unreal Projects/PlaneTest2/Content/InfinityBladeEffects/Effects/FX_Materials/Misc/M_Targeting_Interactible_INST.uasset" 426
"../../../Engine/Content/BasicShapes/Cone.uasset" 427
"../../../../../../Users/NttdataSky/Documents/Unreal Projects/PlaneTest2/Content/FlyingBP/Blueprints/Color_000.uasset" 428
"../../../../../../Users/NttdataSky/Documents/Unreal Projects/PlaneTest2/Content/FlyingBP/Blueprints/Color_A01.uasset" 429
"../../../../../../Users/NttdataSky/Documents/Unreal Projects/PlaneTest2/Content/FlyingBP/Blueprints/3d-model.uasset" 430
"../../../../../../Users/NttdataSky/Documents/Unreal Projects/PlaneTest2/Content/InfinityBladeEffects/Effects/FX_Textures/Gradient/T_Hammered.uasset" 431
"../../../../../../Users/NttdataSky/Documents/Unreal Projects/PlaneTest2/Content/InfinityBladeEffects/Effects/FX_Materials/Gradient/M_Opaque_Hammer_Spin.uasset" 432
"../../../../../../Users/NttdataSky/Documents/Unreal Projects/PlaneTest2/Content/InfinityBladeEffects/Effects/FX_Textures/Smoke/T_Smoke_subUV_01.uasset" 433
"../../../../../../Users/NttdataSky/Documents/Unreal Projects/PlaneTest2/Content/InfinityBladeEffects/Effects/FX_Materials/Smoke/M_Smoke_02_Add_6X6_INST.uasset" 434
"../../../../../../Users/NttdataSky/Documents/Unreal Projects/PlaneTest2/Content/InfinityBladeEffects/Effects/Masters/M_Add_Sprite_2Sided_Master.uasset" 435
"../../../../../../Users/NttdataSky/Documents/Unreal Projects/PlaneTest2/Content/InfinityBladeEffects/Effects/FX_Textures/Gradient/T_SwipeTrail.uasset" 436
"../../../../../../Users/NttdataSky/Documents/Unreal Projects/PlaneTest2/Content/InfinityBladeEffects/Effects/FX_Materials/Trails/M_Swipe_Mesh_Add_2Sided_01_INST.uasset" 437
"../../../../../../Users/NttdataSky/Documents/Unreal Projects/PlaneTest2/Content/InfinityBladeEffects/Effects/FX_Meshes/Mobile/SM_Sword.uasset" 438
"../../../../../../Users/NttdataSky/Documents/Unreal Projects/PlaneTest2/Content/InfinityBladeEffects/Effects/FX_Meshes/Skills/SM_SwipeTrail.uasset" 439
"../../../../../../Users/NttdataSky/Documents/Unreal Projects/PlaneTest2/Content/InfinityBladeEffects/Effects/FX_Mobile/ICE/combat/P_YoYo_Ice_Charge_00.uasset" 440
"../../../../../../Users/NttdataSky/Documents/Unreal Projects/PlaneTest2/Content/FlyingBP/Blueprints/Plane/PlayerPlane-CameraMoved.uasset" 441
"../../../Engine/Content/BasicShapes/Cube.uasset" 442
"../../../../../../Users/NttdataSky/Documents/Unreal Projects/PlaneTest2/Content/FlyingBP/Blueprints/Actors/Enemy/BaseGroundEnemy.uasset" 443
"../../../../../../Users/NttdataSky/Documents/Unreal Projects/PlaneTest2/Content/InfinityBladeEffects/Effects/FX_Textures/Glyph/T_CombatArea_Edge.uasset" 444
"../../../../../../Users/NttdataSky/Documents/Unreal Projects/PlaneTest2/Content/InfinityBladeEffects/Effects/FX_Materials/Glyph/M_Ring_01_INST.uasset" 445
"../../../../../../Users/NttdataSky/Documents/Unreal Projects/PlaneTest2/Content/InfinityBladeEffects/Effects/FX_Textures/Tile/T_CombatArea_Arc.uasset" 446
"../../../../../../Users/NttdataSky/Documents/Unreal Projects/PlaneTest2/Content/InfinityBladeEffects/Effects/FX_Materials/Glyph/M_Ring_Quarter_01_INST.uasset" 447
"../../../../../../Users/NttdataSky/Documents/Unreal Projects/PlaneTest2/Content/InfinityBladeEffects/Effects/FX_Meshes/Skills/SM_CombatArea_Base.uasset" 448
"../../../../../../Users/NttdataSky/Documents/Unreal Projects/PlaneTest2/Content/InfinityBladeEffects/Effects/FX_Meshes/UI/SM_FlatRing_01.uasset" 449
"../../../../../../Users/NttdataSky/Documents/Unreal Projects/PlaneTest2/Content/FlyingBP/Blueprints/Actors/Rewards/P_AU_Trap_Target.uasset" 450
"../../../../../../Users/NttdataSky/Documents/Unreal Projects/PlaneTest2/Content/FlyingBP/Blueprints/Actors/Rewards/B_Rewards.uasset" 451
"../../../../../../Users/NttdataSky/Documents/Unreal Projects/PlaneTest2/Content/InfinityBladeEffects/Effects/FX_Materials/Env/M_Treasure_Gold_Add_2sided.uasset" 452
"../../../../../../Users/NttdataSky/Documents/Unreal Projects/PlaneTest2/Content/InfinityBladeEffects/Effects/FX_Textures/Env/T_Pickup_GoldBag_D.uasset" 453
"../../../../../../Users/NttdataSky/Documents/Unreal Projects/PlaneTest2/Content/InfinityBladeEffects/Effects/FX_Textures/Env/T_Pickup_GoldBag_N.uasset" 454
"../../../../../../Users/NttdataSky/Documents/Unreal Projects/PlaneTest2/Content/InfinityBladeEffects/Effects/FX_Materials/M_GoldBag.uasset" 455
"../../../../../../Users/NttdataSky/Documents/Unreal Projects/PlaneTest2/Content/InfinityBladeEffects/Effects/FX_Meshes/SM_Gold_Bag_Pickup.uasset" 456
"../../../../../../Users/NttdataSky/Documents/Unreal Projects/PlaneTest2/Content/InfinityBladeEffects/Effects/FX_Textures/Gradient/T_starFlare_02.uasset" 457
"../../../../../../Users/NttdataSky/Documents/Unreal Projects/PlaneTest2/Content/InfinityBladeEffects/Effects/FX_Materials/Gradient/M_Flare_02_INST.uasset" 458
"../../../../../../Users/NttdataSky/Documents/Unreal Projects/PlaneTest2/Content/InfinityBladeEffects/Effects/FX_Treasure/Gold_Bag/P_GoldSparkle_Bag_Pickup.uasset" 459
"../../../../../../Users/NttdataSky/Documents/Unreal Projects/PlaneTest2/Content/FlyingBP/Blueprints/Actors/Rewards/Rewards_Money.uasset" 460
"../../../../../../Users/NttdataSky/Documents/Unreal Projects/PlaneTest2/Content/InfinityBladeEffects/Effects/FX_Textures/Gradient/BG_Smoke_Emissive_Color.uasset" 461
"../../../../../../Users/NttdataSky/Documents/Unreal Projects/PlaneTest2/Content/FlyingBP/Blueprints/Actors/Enemy/Lamp/LightFunction.uasset" 462
"../../../../../../Users/NttdataSky/Documents/Unreal Projects/PlaneTest2/Content/FlyingBP/Blueprints/UI/HealtBar.uasset" 463
"../../../../../../Users/NttdataSky/Documents/Unreal Projects/PlaneTest2/Content/FlyingBP/Blueprints/Actors/BaseActor.uasset" 464
"../../../../../../Users/NttdataSky/Documents/Unreal Projects/PlaneTest2/Content/FlyingBP/Blueprints/Plane/PlayerPlane-CameraLocked.uasset" 465
"../../../../../../Users/NttdataSky/Documents/Unreal Projects/PlaneTest2/Content/FlyingBP/Blueprints/FlyingGameMode.uasset" 466
"../../../../../../Users/NttdataSky/Documents/Unreal Projects/PlaneTest2/Content/FlyingBP/Blueprints/Test2.uasset" 467
"../../../../../../Users/NttdataSky/Documents/Unreal Projects/PlaneTest2/Content/FlyingBP/Blueprints/Actors/Fog/M_smoke_subUV.uasset" 468
"../../../Engine/Content/EngineMaterials/DefaultDecalMaterial.uasset" 469
"../../../../../../Users/NttdataSky/Documents/Unreal Projects/PlaneTest2/Content/FlyingBP/Blueprints/EarthEnemy/CannonBall/side_A.uasset" 470
"../../../../../../Users/NttdataSky/Documents/Unreal Projects/PlaneTest2/Content/FlyingBP/Blueprints/EarthEnemy/CannonBall/side_B.uasset" 471
"../../../../../../Users/NttdataSky/Documents/Unreal Projects/PlaneTest2/Content/FlyingBP/Blueprints/EarthEnemy/CannonBall/mpm_vol_08_p16.uasset" 472
"../../../../../../Users/NttdataSky/Documents/Unreal Projects/PlaneTest2/Content/FlyingBP/Blueprints/EarthEnemy/CannonBall.uasset" 473
"../../../../../../Users/NttdataSky/Documents/Unreal Projects/PlaneTest2/Content/FlyingBP/Blueprints/EarthEnemy/cannon/08_-_Default.uasset" 474
"../../../../../../Users/NttdataSky/Documents/Unreal Projects/PlaneTest2/Content/FlyingBP/Blueprints/EarthEnemy/cannon/artillery_cannon_Box007.uasset" 475
"../../../../../../Users/NttdataSky/Documents/Unreal Projects/PlaneTest2/Content/FlyingBP/Blueprints/EarthEnemy/cannon/artillery_cannon_Box008.uasset" 476
"../../../../../../Users/NttdataSky/Documents/Unreal Projects/PlaneTest2/Content/FlyingBP/Blueprints/EarthEnemy/cannon/artillery_cannon_Box009.uasset" 477
"../../../../../../Users/NttdataSky/Documents/Unreal Projects/PlaneTest2/Content/FlyingBP/Blueprints/EarthEnemy/cannon/artillery_cannon_Box011.uasset" 478
"../../../../../../Users/NttdataSky/Documents/Unreal Projects/PlaneTest2/Content/FlyingBP/Blueprints/EarthEnemy/cannon/artillery_cannon_Cylinder026.uasset" 479
"../../../../../../Users/NttdataSky/Documents/Unreal Projects/PlaneTest2/Content/FlyingBP/Blueprints/EarthEnemy/cannon/artillery_cannon_Helix005.uasset" 480
"../../../../../../Users/NttdataSky/Documents/Unreal Projects/PlaneTest2/Content/FlyingBP/Blueprints/EarthEnemy/Cannon.uasset" 481
"../../../../../../Users/NttdataSky/Documents/Unreal Projects/PlaneTest2/Content/FlyingBP/Blueprints/EarthEnemy/HealthRestorer.uasset" 482
"../../../../../../Users/NttdataSky/Documents/Unreal Projects/PlaneTest2/Content/FlyingBP/Blueprints/EarthEnemy/BaseEarthEnemy.uasset" 483
"../../../../../../Users/NttdataSky/Documents/Unreal Projects/PlaneTest2/Content/FlyingBP/Blueprints/EarthEnemy/NewFolder/08_-_Default.uasset" 484
"../../../../../../Users/NttdataSky/Documents/Unreal Projects/PlaneTest2/Content/FlyingBP/Blueprints/EarthEnemy/NewFolder/GALVPLAT1.uasset" 485
"../../../../../../Users/NttdataSky/Documents/Unreal Projects/PlaneTest2/Content/FlyingBP/Blueprints/EarthEnemy/NewFolder/09_-_Default.uasset" 486
"../../../../../../Users/NttdataSky/Documents/Unreal Projects/PlaneTest2/Content/FlyingBP/Blueprints/EarthEnemy/NewFolder/test.uasset" 487
"../../../../../../Users/NttdataSky/Documents/Unreal Projects/PlaneTest2/Content/FlyingBP/Blueprints/EarthEnemy/RapierMissile/stinger_2.uasset" 488
"../../../../../../Users/NttdataSky/Documents/Unreal Projects/PlaneTest2/Content/FlyingBP/Blueprints/EarthEnemy/RapierMissile/stinger_normal_map.uasset" 489
"../../../../../../Users/NttdataSky/Documents/Unreal Projects/PlaneTest2/Content/FlyingBP/Blueprints/EarthEnemy/RapierMissile/Material__25.uasset" 490
"../../../../../../Users/NttdataSky/Documents/Unreal Projects/PlaneTest2/Content/FlyingBP/Blueprints/EarthEnemy/RapierMissile/Rapier_Missail_System_Cylinder003.uasset" 491
"../../../../../../Users/NttdataSky/Documents/Unreal Projects/PlaneTest2/Content/FlyingBP/Blueprints/EarthEnemy/RapierMissile.uasset" 492
"../../../../../../Users/NttdataSky/Documents/Unreal Projects/PlaneTest2/Content/Flying/Meshes/UFOMaterial.uasset" 493
"../../../../../../Users/NttdataSky/Documents/Unreal Projects/PlaneTest2/Content/Flying/Meshes/UFO.uasset" 494
"../../../../../../Users/NttdataSky/Documents/Unreal Projects/PlaneTest2/Content/FlyingBP/Blueprints/Plane/AiFlyingPawn.uasset" 495
"../../../../../../Users/NttdataSky/Documents/Unreal Projects/PlaneTest2/Content/Geometry/Meshes/CubeMaterial.uasset" 496
"../../../../../../Users/NttdataSky/Documents/Unreal Projects/PlaneTest2/Content/Geometry/Meshes/1M_Cube_Chamfer.uasset" 497
"../../../../../../Users/NttdataSky/Documents/Unreal Projects/PlaneTest2/Content/Geometry/Meshes/TemplateFloor.uasset" 498
"../../../../../../Users/NttdataSky/Documents/Unreal Projects/PlaneTest2/Content/InfinityBladeEffects/Enemy/SM_SpiderBoss_RubbleBit.uasset" 499
"../../../../../../Users/NttdataSky/Documents/Unreal Projects/PlaneTest2/Content/StarterContent/Audio/Explosion01.uasset" 500
"../../../../../../Users/NttdataSky/Documents/Unreal Projects/PlaneTest2/Content/StarterContent/Audio/Explosion02.uasset" 501
"../../../../../../Users/NttdataSky/Documents/Unreal Projects/PlaneTest2/Content/StarterContent/Audio/Explosion_Cue.uasset" 502
"../../../../../../Users/NttdataSky/Documents/Unreal Projects/PlaneTest2/Content/StarterContent/Audio/Fire01.uasset" 503
"../../../../../../Users/NttdataSky/Documents/Unreal Projects/PlaneTest2/Content/StarterContent/Audio/Fire01_Cue.uasset" 504
"../../../../../../Users/NttdataSky/Documents/Unreal Projects/PlaneTest2/Content/StarterContent/Audio/Fire_Sparks01.uasset" 505
"../../../../../../Users/NttdataSky/Documents/Unreal Projects/PlaneTest2/Content/StarterContent/Audio/Fire_Sparks01_Cue.uasset" 506
"../../../../../../Users/NttdataSky/Documents/Unreal Projects/PlaneTest2/Content/StarterContent/Audio/Light01.uasset" 507
"../../../../../../Users/NttdataSky/Documents/Unreal Projects/PlaneTest2/Content/StarterContent/Audio/Light01_Cue.uasset" 508
"../../Plugins/2D/Paper2D/Content/PlaceholderTextures/DummySpriteTexture.uasset" 509
"../../Plugins/2D/Paper2D/Content/DummySprite.uasset" 510
"../../Plugins/2D/Paper2D/Content/DefaultPaperTerrainMaterial.uasset" 511
"../../Plugins/2D/Paper2D/Content/DefaultSpriteMaterial.uasset" 512
"../../Plugins/2D/Paper2D/Content/MaskedUnlitSpriteMaterial.uasset" 513
"../../Plugins/2D/Paper2D/Content/OpaqueUnlitSpriteMaterial.uasset" 514
"../../Plugins/Runtime/Oculus/OculusVR/Content/Materials/PokeAHoleMaterial.uasset" 515
"../../Plugins/Runtime/Oculus/OculusVR/Content/Textures/GearVRController_AO.uasset" 516
"../../Plugins/Runtime/Oculus/OculusVR/Content/Textures/GearVRController_Color.uasset" 517
"../../Plugins/Runtime/Oculus/OculusVR/Content/Textures/GearVRController_Normal.uasset" 518
"../../Plugins/Runtime/Oculus/OculusVR/Content/Materials/GearVRControllerMaterial.uasset" 519
"../../Plugins/Runtime/Oculus/OculusVR/Content/Meshes/GearVrController.uasset" 520
"../../Plugins/Runtime/Oculus/OculusVR/Content/Textures/touchController_albedo.uasset" 521
"../../Plugins/Runtime/Oculus/OculusVR/Content/Textures/touchController_controlmap.uasset" 522
"../../Plugins/Runtime/Oculus/OculusVR/Content/Materials/touchController_mat.uasset" 523
"../../Plugins/Runtime/Oculus/OculusVR/Content/Meshes/LeftTouchController.uasset" 524
"../../Plugins/Runtime/Oculus/OculusVR/Content/Meshes/RiftHMD.uasset" 525
"../../Plugins/Runtime/Oculus/OculusVR/Content/Meshes/RightTouchController.uasset" 526
"../../../Engine/Content/Maps/Entry_BuiltData.uasset" 527
"../../../Engine/Content/Maps/Entry.umap" 528
"../../../../../../Users/NttdataSky/Documents/Unreal Projects/PlaneTest2/Content/FlyingBP/Blueprints/Actors/MenuCharacter.uasset" 529
"../../../../../../Users/NttdataSky/Documents/Unreal Projects/PlaneTest2/Content/FlyingBP/Blueprints/Game/PaperPlaneGameMode.uasset" 530
"../../../Engine/Content/BasicShapes/BasicShapeMaterial.uasset" 531
"../../../Engine/Content/BasicShapes/Plane.uasset" 532
"../../../../../../Users/NttdataSky/Documents/Unreal Projects/PlaneTest2/Content/FlyingBP/Blueprints/UI/Menu/PlaneView/PlaneView.uasset" 533
"../../../Engine/Content/MapTemplates/Materials/BasicAsset02.uasset" 534
"../../../../../../Users/NttdataSky/Documents/Unreal Projects/PlaneTest2/Content/FlyingBP/Blueprints/UI/Menu/Home.uasset" 535
"../../../../../../Users/NttdataSky/Documents/Unreal Projects/PlaneTest2/Content/FlyingBP/Maps/Menu.umap" 536
"../../../../../../Users/NttdataSky/Documents/Unreal Projects/PlaneTest2/Content/FlyingBP/Blueprints/Actors/Enemy/Finder/First_Skeleton.uasset" 537
"../../../../../../Users/NttdataSky/Documents/Unreal Projects/PlaneTest2/Content/FlyingBP/Blueprints/Actors/Enemy/Finder/First_Anim.uasset" 538
"../../../../../../Users/NttdataSky/Documents/Unreal Projects/PlaneTest2/Content/FlyingBP/Blueprints/Actors/Enemy/Finder/NewAnimMontage.uasset" 539
"../../../../../../Users/NttdataSky/Documents/Unreal Projects/PlaneTest2/Content/StarterContent/Textures/T_Brick_Clay_Old_D.uasset" 540
"../../../../../../Users/NttdataSky/Documents/Unreal Projects/PlaneTest2/Content/StarterContent/Textures/T_Brick_Clay_Old_N.uasset" 541
"../../../../../../Users/NttdataSky/Documents/Unreal Projects/PlaneTest2/Content/StarterContent/Textures/T_Perlin_Noise_M.uasset" 542
"../../../../../../Users/NttdataSky/Documents/Unreal Projects/PlaneTest2/Content/StarterContent/Materials/M_Brick_Clay_Old.uasset" 543
"../../../../../../Users/NttdataSky/Documents/Unreal Projects/PlaneTest2/Content/FlyingBP/Blueprints/Actors/Enemy/BatEnemy.uasset" 544
"../../../../../../Users/NttdataSky/Documents/Unreal Projects/PlaneTest2/Content/FlyingBP/Blueprints/AI_Logic/AI_State.uasset" 545
"../../../../../../Users/NttdataSky/Documents/Unreal Projects/PlaneTest2/Content/FlyingBP/Blueprints/AI_Logic/BallMonsterBoard.uasset" 546
"../../../../../../Users/NttdataSky/Documents/Unreal Projects/PlaneTest2/Content/FlyingBP/Blueprints/AI_Logic/Fire_Service.uasset" 547
"../../../../../../Users/NttdataSky/Documents/Unreal Projects/PlaneTest2/Content/FlyingBP/Blueprints/AI_Logic/Move_Service.uasset" 548
"../../../../../../Users/NttdataSky/Documents/Unreal Projects/PlaneTest2/Content/FlyingBP/Blueprints/AI_Logic/Search_Service.uasset" 549
"../../../../../../Users/NttdataSky/Documents/Unreal Projects/PlaneTest2/Content/FlyingBP/Blueprints/AI_Logic/TooFar_Service.uasset" 550
"../../../../../../Users/NttdataSky/Documents/Unreal Projects/PlaneTest2/Content/FlyingBP/Blueprints/AI_Logic/BallMonsterTree.uasset" 551
"../../../../../../Users/NttdataSky/Documents/Unreal Projects/PlaneTest2/Content/FlyingBP/Blueprints/AI_Logic/BaseEnemyController.uasset" 552
"../../../Engine/Content/Functions/Engine_MaterialFunctions02/Utility/BlendAngleCorrectedNormals.uasset" 553
"../../../../../../Users/NttdataSky/Documents/Unreal Projects/PlaneTest2/Content/StarterContent/Textures/T_Tech_Hex_Tile_M.uasset" 554
"../../../../../../Users/NttdataSky/Documents/Unreal Projects/PlaneTest2/Content/StarterContent/Textures/T_Tech_Hex_Tile_N.uasset" 555
"../../../../../../Users/NttdataSky/Documents/Unreal Projects/PlaneTest2/Content/StarterContent/Materials/M_Tech_Hex_Tile.uasset" 556
"../../../../../../Users/NttdataSky/Documents/Unreal Projects/PlaneTest2/Content/FlyingBP/Blueprints/Actors/Enemy/Finder/First_PhysicsAsset.uasset" 557
"../../../../../../Users/NttdataSky/Documents/Unreal Projects/PlaneTest2/Content/FlyingBP/Blueprints/Actors/Enemy/Finder/First.uasset" 558
"../../../../../../Users/NttdataSky/Documents/Unreal Projects/PlaneTest2/Content/FlyingBP/Blueprints/Actors/Enemy/Finder/BallMonster.uasset" 559
"../../../Engine/Content/EngineSky/C_Sky_Cloud_Color.uasset" 560
"../../../Engine/Content/EngineSky/C_Sky_Horizon_Color.uasset" 561
"../../../Engine/Content/EngineSky/C_Sky_Zenith_Color.uasset" 562
"../../../Engine/Content/EngineSky/T_Sky_Blue.uasset" 563
"../../../Engine/Content/EngineSky/T_Sky_Clouds_M.uasset" 564
"../../../Engine/Content/EngineSky/T_Sky_Stars.uasset" 565
"../../../Engine/Content/EngineSky/M_Sky_Panning_Clouds2.uasset" 566
"../../../Engine/Content/EngineSky/SM_SkySphere.uasset" 567
"../../../Engine/Content/EngineSky/BP_Sky_Sphere.uasset" 568
"../../../../../../Users/NttdataSky/Documents/Unreal Projects/PlaneTest2/Content/FlyingBP/Blueprints/EarthEnemy/RapierMissile/13_-_Default.uasset" 569
"../../../../../../Users/NttdataSky/Documents/Unreal Projects/PlaneTest2/Content/FlyingBP/Blueprints/Actors/Enemy/Finder/First_B.uasset" 570
"../../../../../../Users/NttdataSky/Documents/Unreal Projects/PlaneTest2/Content/FreeFurniturePack/Textures/T_Classic_Picture_A.uasset" 571
"../../../../../../Users/NttdataSky/Documents/Unreal Projects/PlaneTest2/Content/FreeFurniturePack/Textures/T_Classic_Picture_M_R_AO.uasset" 572
"../../../../../../Users/NttdataSky/Documents/Unreal Projects/PlaneTest2/Content/FreeFurniturePack/Textures/T_Classic_Picture_n.uasset" 573
"../../../../../../Users/NttdataSky/Documents/Unreal Projects/PlaneTest2/Content/FreeFurniturePack/Materials/M_Classic_Picture.uasset" 574
"../../../../../../Users/NttdataSky/Documents/Unreal Projects/PlaneTest2/Content/InfinityBladeEffects/Effects/FX_Textures/Fire/T_GroundBrokenFirey_D.uasset" 575
"../../../../../../Users/NttdataSky/Documents/Unreal Projects/PlaneTest2/Content/InfinityBladeEffects/Effects/FX_Materials/Mobile/M_CrackedGroundFire.uasset" 576
"../../../../../../Users/NttdataSky/Documents/Unreal Projects/PlaneTest2/Content/RealLiquidX/M/Asset/M_CrystalGlow.uasset" 577
"../../../../../../Users/NttdataSky/Documents/Unreal Projects/PlaneTest2/Content/FlyingBP/Blueprints/Actors/Enemy/Ball/Eyes.uasset" 578
"../../../../../../Users/NttdataSky/Documents/Unreal Projects/PlaneTest2/Content/FlyingBP/Blueprints/Actors/Enemy/Ball/Material_002.uasset" 579
"../../../../../../Users/NttdataSky/Documents/Unreal Projects/PlaneTest2/Content/FlyingBP/Blueprints/Actors/Enemy/Ball/Skin.uasset" 580
"../../../../../../Users/NttdataSky/Documents/Unreal Projects/PlaneTest2/Content/FlyingBP/Blueprints/Actors/Enemy/Ball/Teddy_Bear.uasset" 581
"../../../../../../Users/NttdataSky/Documents/Unreal Projects/PlaneTest2/Content/FlyingBP/Blueprints/Actors/Enemy/Teddy.uasset" 582
"../../../../../../Users/NttdataSky/Documents/Unreal Projects/PlaneTest2/Content/FlyingBP/Blueprints/Actors/Toppings/Fire/MapLevelFire.uasset" 583
"../../../../../../Users/NttdataSky/Documents/Unreal Projects/PlaneTest2/Content/FlyingBP/Blueprints/Actors/Toppings/Fire/Base/M_FireWall_Add.uasset" 584
"../../../../../../Users/NttdataSky/Documents/Unreal Projects/PlaneTest2/Content/InfinityBladeEffects/Effects/Masters/M_Trans_Sprite_SubUV_Master_DepthFade.uasset" 585
"../../../../../../Users/NttdataSky/Documents/Unreal Projects/PlaneTest2/Content/InfinityBladeEffects/Effects/FX_Materials/Smoke/M_Smoke_02_Trans_6X6_INST.uasset" 586
"../../../../../../Users/NttdataSky/Documents/Unreal Projects/PlaneTest2/Content/FlyingBP/Blueprints/Actors/Toppings/Fire/Base/P_baseEffect.uasset" 587
"../../../../../../Users/NttdataSky/Documents/Unreal Projects/PlaneTest2/Content/FlyingBP/Blueprints/Actors/Toppings/Fire/Base/P_Explosion.uasset" 588
"../../../../../../Users/NttdataSky/Documents/Unreal Projects/PlaneTest2/Content/InfinityBladeEffects/Effects/Masters/M_Trans_Trail_2Sided_Pan_Base_Emis_Master.uasset" 589
"../../../../../../Users/NttdataSky/Documents/Unreal Projects/PlaneTest2/Content/InfinityBladeEffects/Effects/FX_Textures/Fire/T_FireTrail.uasset" 590
"../../../../../../Users/NttdataSky/Documents/Unreal Projects/PlaneTest2/Content/InfinityBladeEffects/Effects/FX_Materials/Fire/M_Fire_02_Trans_Pan_INST.uasset" 591
"../../../../../../Users/NttdataSky/Documents/Unreal Projects/PlaneTest2/Content/InfinityBladeEffects/Effects/FX_Meshes/Skills/SM_SpinSpiral.uasset" 592
"../../../../../../Users/NttdataSky/Documents/Unreal Projects/PlaneTest2/Content/FlyingBP/Blueprints/Actors/Toppings/Fire/Base/P_Fire_OnSpawnProjectile.uasset" 593
"../../../../../../Users/NttdataSky/Documents/Unreal Projects/PlaneTest2/Content/InfinityBladeEffects/Effects/FX_Textures/Fire/T_Fire_Sprite_01_5x5.uasset" 594
"../../../../../../Users/NttdataSky/Documents/Unreal Projects/PlaneTest2/Content/InfinityBladeEffects/Effects/FX_Materials/Fire/M_Fire_02_Add_5X5_INST.uasset" 595
"../../../../../../Users/NttdataSky/Documents/Unreal Projects/PlaneTest2/Content/InfinityBladeEffects/Effects/FX_Textures/Gradient/FX_Glow_12alpha.uasset" 596
"../../../../../../Users/NttdataSky/Documents/Unreal Projects/PlaneTest2/Content/InfinityBladeEffects/Effects/FX_Materials/Gradient/M_Flare_09_Inst.uasset" 597
"../../../../../../Users/NttdataSky/Documents/Unreal Projects/PlaneTest2/Content/FlyingBP/Blueprints/Actors/Toppings/Fire/Base/P_ToppingEffect.uasset" 598
"../../../../../../Users/NttdataSky/Documents/Unreal Projects/PlaneTest2/Content/FlyingBP/Blueprints/Actors/Toppings/Fire/T_Firev.uasset" 599
"../../../../../../Users/NttdataSky/Documents/Unreal Projects/PlaneTest2/Content/FlyingBP/Blueprints/Actors/Toppings/Lightning/LV0/P_Skill_Telecharge_Shock_Impact_01.uasset" 600
"../../../../../../Users/NttdataSky/Documents/Unreal Projects/PlaneTest2/Content/InfinityBladeEffects/Effects/FX_Textures/Damage/T_Cracks_Impact_01.uasset" 601
"../../../../../../Users/NttdataSky/Documents/Unreal Projects/PlaneTest2/Content/InfinityBladeEffects/Effects/FX_Materials/Damage/M_CrackedGround_Impact_01_INST.uasset" 602
"../../../../../../Users/NttdataSky/Documents/Unreal Projects/PlaneTest2/Content/InfinityBladeEffects/Effects/FX_Materials/M_Shockwave_01_ADD_INST.uasset" 603
"../../../../../../Users/NttdataSky/Documents/Unreal Projects/PlaneTest2/Content/FlyingBP/Blueprints/Actors/Toppings/Lightning/LV1/P_Skill_Telecharge_Shock_Impact_4.uasset" 604
"../../../../../../Users/NttdataSky/Documents/Unreal Projects/PlaneTest2/Content/InfinityBladeEffects/Effects/FX_Textures/Gradient/T_BlastHalf.uasset" 605
"../../../../../../Users/NttdataSky/Documents/Unreal Projects/PlaneTest2/Content/InfinityBladeEffects/Effects/FX_Materials/Gradient/M_Flare_Vertical_01_INST.uasset" 606
"../../../../../../Users/NttdataSky/Documents/Unreal Projects/PlaneTest2/Content/InfinityBladeEffects/Effects/Masters/M_Trans_MeshEmit_2Sided_Pan_Mask_Master.uasset" 607
"../../../../../../Users/NttdataSky/Documents/Unreal Projects/PlaneTest2/Content/InfinityBladeEffects/Effects/FX_Materials/Noise/M_Tile_Noise_Tendril_01_In_INST.uasset" 608
"../../../../../../Users/NttdataSky/Documents/Unreal Projects/PlaneTest2/Content/InfinityBladeEffects/Effects/FX_Materials/Noise/M_Tile_Noise_Tendril_01_In_INST_02.uasset" 609
"../../../../../../Users/NttdataSky/Documents/Unreal Projects/PlaneTest2/Content/InfinityBladeEffects/Effects/FX_Meshes/Skills/SM_AuraCircle_04_Twist.uasset" 610
"../../../../../../Users/NttdataSky/Documents/Unreal Projects/PlaneTest2/Content/InfinityBladeEffects/Effects/FX_Meshes/Skills/SM_SwipeCircle_01.uasset" 611
"../../../../../../Users/NttdataSky/Documents/Unreal Projects/PlaneTest2/Content/InfinityBladeEffects/Effects/FX_Meshes/Skills/SM_SwipeTrail_Set_01.uasset" 612
"../../../../../../Users/NttdataSky/Documents/Unreal Projects/PlaneTest2/Content/FlyingBP/Blueprints/Actors/Toppings/Lightning/LV2/P_Whirlwind_Lightning_01.uasset" 613
"../../../../../../Users/NttdataSky/Documents/Unreal Projects/PlaneTest2/Content/FlyingBP/Blueprints/Actors/Toppings/Lightning/MapLevelLightning.uasset" 614
"../../../../../../Users/NttdataSky/Documents/Unreal Projects/PlaneTest2/Content/InfinityBladeEffects/Effects/FX_Textures/Smoke/T_FogSheetCloud.uasset" 615
"../../../../../../Users/NttdataSky/Documents/Unreal Projects/PlaneTest2/Content/FlyingBP/Blueprints/Actors/Toppings/Lightning/Base/M_FogSheet_Trans.uasset" 616
"../../../../../../Users/NttdataSky/Documents/Unreal Projects/PlaneTest2/Content/FlyingBP/Blueprints/Actors/Toppings/Lightning/Base/P_ElementalLightning.uasset" 617
"../../../../../../Users/NttdataSky/Documents/Unreal Projects/PlaneTest2/Content/InfinityBladeEffects/Effects/FX_Textures/Lightning/T_Lightning_Radial_4X4.uasset" 618
"../../../../../../Users/NttdataSky/Documents/Unreal Projects/PlaneTest2/Content/InfinityBladeEffects/Effects/FX_Materials/Lightning/M_Lightning_Radial_01_Add_2X2_INST.uasset" 619
"../../../../../../Users/NttdataSky/Documents/Unreal Projects/PlaneTest2/Content/FlyingBP/Blueprints/Actors/Toppings/Lightning/Base/P_Skill_telecharge_Shock_Charge_01.uasset" 620
"../../../../../../Users/NttdataSky/Documents/Unreal Projects/PlaneTest2/Content/FlyingBP/Blueprints/Actors/Toppings/Lightning/Base/P_Skill_Telecharge_Shock_Impact_03.uasset" 621
"../../../../../../Users/NttdataSky/Documents/Unreal Projects/PlaneTest2/Content/FlyingBP/Blueprints/Actors/Toppings/Lightning/P_Genno_Weapon_Lightning_01.uasset" 622
"../../../../../../Users/NttdataSky/Documents/Unreal Projects/PlaneTest2/Content/FlyingBP/Blueprints/Actors/Toppings/Lightning/T_Lightning_2.uasset" 623
"../../../Engine/Content/BasicShapes/Cylinder.uasset" 624
"../../../../../../Users/NttdataSky/Documents/Unreal Projects/PlaneTest2/Content/InfinityBladeEffects/Effects/FX_Materials/Gradient/M_Flare_07_INST.uasset" 625
"../../../../../../Users/NttdataSky/Documents/Unreal Projects/PlaneTest2/Content/InfinityBladeEffects/Effects/FX_Ability/Summon/P_Summon_Child_Startup.uasset" 626
"../../../../../../Users/NttdataSky/Documents/Unreal Projects/PlaneTest2/Content/FlyingBP/Blueprints/Actors/Upgrades/Upgrade_DamageImprove.uasset" 627
"../../../../../../Users/NttdataSky/Documents/Unreal Projects/PlaneTest2/Content/InfinityBladeEffects/Effects/FX_Skill_Aura/P_Aura_Default_Ending.uasset" 628
"../../../../../../Users/NttdataSky/Documents/Unreal Projects/PlaneTest2/Content/FlyingBP/Blueprints/Actors/Upgrades/Upgrade_FireRate.uasset" 629
"../../../../../../Users/NttdataSky/Documents/Unreal Projects/PlaneTest2/Content/InfinityBladeEffects/Effects/FX_Textures/Glyph/T_HealHeart_02.uasset" 630
"../../../../../../Users/NttdataSky/Documents/Unreal Projects/PlaneTest2/Content/InfinityBladeEffects/Effects/FX_Materials/Glyph/M_Heart_01_INST.uasset" 631
"../../../../../../Users/NttdataSky/Documents/Unreal Projects/PlaneTest2/Content/InfinityBladeEffects/Effects/FX_Meshes/Skills/SM_Spiral_Swirl_01.uasset" 632
"../../../../../../Users/NttdataSky/Documents/Unreal Projects/PlaneTest2/Content/InfinityBladeEffects/Effects/FX_Ability/Heal/P_Heal_Potion.uasset" 633
"../../../../../../Users/NttdataSky/Documents/Unreal Projects/PlaneTest2/Content/FlyingBP/Blueprints/Actors/Upgrades/Upgrade_HealthImprove.uasset" 634
"../../../../../../Users/NttdataSky/Documents/Unreal Projects/PlaneTest2/Content/InfinityBladeEffects/Effects/FX_Textures/Gradient/T_Vertical_Glow.uasset" 635
"../../../../../../Users/NttdataSky/Documents/Unreal Projects/PlaneTest2/Content/InfinityBladeEffects/Effects/FX_Materials/Gradient/M_Glow_Vertical_INST.uasset" 636
"../../../../../../Users/NttdataSky/Documents/Unreal Projects/PlaneTest2/Content/InfinityBladeEffects/Effects/FX_Ability/Heal/P_Heal_LongDistance_Start.uasset" 637
"../../../../../../Users/NttdataSky/Documents/Unreal Projects/PlaneTest2/Content/FlyingBP/Blueprints/Actors/Upgrades/Upgrade_HealthRestore.uasset" 638
"../../../../../../Users/NttdataSky/Documents/Unreal Projects/PlaneTest2/Content/FlyingBP/Maps/TestMap_BuiltData.uasset" 639
"../../../Engine/Content/MapTemplates/SM_Template_Map_Floor.uasset" 640
"../../../../../../Users/NttdataSky/Documents/Unreal Projects/PlaneTest2/Content/FlyingBP/Maps/TestMap.umap" 641
